#! /usr/local/bin/vvp
:ivl_version "11.0 (stable)" "(v11_0-132-gb2f2414f4)";
:ivl_delay_selection "TYPICAL";
:vpi_time_precision - 12;
:vpi_module "/usr/local/lib/ivl/system.vpi";
:vpi_module "/usr/local/lib/ivl/vhdl_sys.vpi";
:vpi_module "/usr/local/lib/ivl/vhdl_textio.vpi";
:vpi_module "/usr/local/lib/ivl/v2005_math.vpi";
:vpi_module "/usr/local/lib/ivl/va_math.vpi";
S_0xc81f8ebda420 .scope module, "tb" "tb" 2 3;
 .timescale -9 -12;
v0xc81f8ec125b0_0 .var/i "i", 31 0;
v0xc81f8ec126b0_0 .var "in", 3 0;
v0xc81f8ec12790_0 .net "out", 0 0, L_0xc81f8ec22e60;  1 drivers
v0xc81f8ec12880_0 .var/i "score", 31 0;
v0xc81f8ec12940_0 .var/i "total", 31 0;
L_0xc81f8ec24210 .part v0xc81f8ec126b0_0, 0, 1;
L_0xc81f8ec242b0 .part v0xc81f8ec126b0_0, 1, 1;
L_0xc81f8ec243a0 .part v0xc81f8ec126b0_0, 2, 1;
L_0xc81f8ec24440 .part v0xc81f8ec126b0_0, 3, 1;
S_0xc81f8ebd7030 .scope module, "dut" "cgp_module" 2 11, 3 1 0, S_0xc81f8ebda420;
 .timescale 0 0;
    .port_info 0 /INPUT 1 "in0";
    .port_info 1 /INPUT 1 "in1";
    .port_info 2 /INPUT 1 "in2";
    .port_info 3 /INPUT 1 "in3";
    .port_info 4 /INPUT 1 "in4";
    .port_info 5 /INPUT 1 "in5";
    .port_info 6 /INPUT 1 "in6";
    .port_info 7 /INPUT 1 "in7";
    .port_info 8 /INPUT 1 "in8";
    .port_info 9 /INPUT 1 "in9";
    .port_info 10 /OUTPUT 1 "out0";
    .port_info 11 /OUTPUT 1 "out1";
    .port_info 12 /OUTPUT 1 "out2";
    .port_info 13 /OUTPUT 1 "out3";
    .port_info 14 /OUTPUT 1 "out4";
    .port_info 15 /OUTPUT 1 "out5";
    .port_info 16 /OUTPUT 1 "out6";
    .port_info 17 /OUTPUT 1 "out7";
    .port_info 18 /OUTPUT 1 "out8";
    .port_info 19 /OUTPUT 1 "out9";
v0xc81f8ec10b90_0 .net "in0", 0 0, L_0xc81f8ec24210;  1 drivers
v0xc81f8ec10c90_0 .net "in1", 0 0, L_0xc81f8ec242b0;  1 drivers
v0xc81f8ec10d30_0 .net "in2", 0 0, L_0xc81f8ec243a0;  1 drivers
v0xc81f8ec10dd0_0 .net "in3", 0 0, L_0xc81f8ec24440;  1 drivers
o0xe5fa27bd0158 .functor BUFZ 1, C4<z>; HiZ drive
v0xc81f8ec10ea0_0 .net "in4", 0 0, o0xe5fa27bd0158;  0 drivers
o0xe5fa27bd0188 .functor BUFZ 1, C4<z>; HiZ drive
v0xc81f8ec10f90_0 .net "in5", 0 0, o0xe5fa27bd0188;  0 drivers
o0xe5fa27bd01b8 .functor BUFZ 1, C4<z>; HiZ drive
v0xc81f8ec11030_0 .net "in6", 0 0, o0xe5fa27bd01b8;  0 drivers
o0xe5fa27bd01e8 .functor BUFZ 1, C4<z>; HiZ drive
v0xc81f8ec110d0_0 .net "in7", 0 0, o0xe5fa27bd01e8;  0 drivers
o0xe5fa27bcf6d8 .functor BUFZ 1, C4<z>; HiZ drive
v0xc81f8ec11170_0 .net "in8", 0 0, o0xe5fa27bcf6d8;  0 drivers
o0xe5fa27bcf8b8 .functor BUFZ 1, C4<z>; HiZ drive
v0xc81f8ec11210_0 .net "in9", 0 0, o0xe5fa27bcf8b8;  0 drivers
v0xc81f8ec11300_0 .net "out0", 0 0, L_0xc81f8ec22e60;  alias, 1 drivers
v0xc81f8ec113e0_0 .net "out1", 0 0, L_0xc81f8ec23730;  1 drivers
v0xc81f8ec11480_0 .net "out2", 0 0, L_0xc81f8ec24030;  1 drivers
o0xe5fa27bd0218 .functor BUFZ 1, C4<z>; HiZ drive
v0xc81f8ec11520_0 .net "out3", 0 0, o0xe5fa27bd0218;  0 drivers
o0xe5fa27bd0248 .functor BUFZ 1, C4<z>; HiZ drive
v0xc81f8ec115c0_0 .net "out4", 0 0, o0xe5fa27bd0248;  0 drivers
o0xe5fa27bd0278 .functor BUFZ 1, C4<z>; HiZ drive
v0xc81f8ec11660_0 .net "out5", 0 0, o0xe5fa27bd0278;  0 drivers
o0xe5fa27bd02a8 .functor BUFZ 1, C4<z>; HiZ drive
v0xc81f8ec11700_0 .net "out6", 0 0, o0xe5fa27bd02a8;  0 drivers
o0xe5fa27bd02d8 .functor BUFZ 1, C4<z>; HiZ drive
v0xc81f8ec117a0_0 .net "out7", 0 0, o0xe5fa27bd02d8;  0 drivers
o0xe5fa27bd0308 .functor BUFZ 1, C4<z>; HiZ drive
v0xc81f8ec11860_0 .net "out8", 0 0, o0xe5fa27bd0308;  0 drivers
o0xe5fa27bd0338 .functor BUFZ 1, C4<z>; HiZ drive
v0xc81f8ec11920_0 .net "out9", 0 0, o0xe5fa27bd0338;  0 drivers
v0xc81f8ec119e0_0 .net "x0_y0", 0 0, L_0xc81f8ec22b40;  1 drivers
v0xc81f8ec11af0_0 .net "x0_y1", 0 0, L_0xc81f8ec232f0;  1 drivers
v0xc81f8ec11b90_0 .net "x0_y2", 0 0, L_0xc81f8ec23b60;  1 drivers
v0xc81f8ec11c30_0 .net "x1_y0", 0 0, L_0xc81f8ec22c80;  1 drivers
v0xc81f8ec11cd0_0 .net "x1_y1", 0 0, L_0xc81f8ec234c0;  1 drivers
v0xc81f8ec11d70_0 .net "x1_y2", 0 0, L_0xc81f8ec23e00;  1 drivers
o0xe5fa27bcf498 .functor BUFZ 1, C4<z>; HiZ drive
v0xc81f8ec11e10_0 .net "x2_y1", 0 0, o0xe5fa27bcf498;  0 drivers
o0xe5fa27bcf2b8 .functor BUFZ 1, C4<z>; HiZ drive
v0xc81f8ec11f00_0 .net "x2_y2", 0 0, o0xe5fa27bcf2b8;  0 drivers
S_0xc81f8ebc5520 .scope module, "lut_out0" "SB_LUT4" 3 36, 4 4 0, S_0xc81f8ebd7030;
 .timescale 0 0;
    .port_info 0 /INPUT 1 "I0";
    .port_info 1 /INPUT 1 "I1";
    .port_info 2 /INPUT 1 "I2";
    .port_info 3 /INPUT 1 "I3";
    .port_info 4 /OUTPUT 1 "O";
P_0xc81f8ebd1170 .param/l "LUT_INIT" 0 4 4, C4<0000000000001110>;
L_0xe5fa27b861c8 .functor BUFT 1, C4<0>, C4<0>, C4<0>, C4<0>;
v0xc81f8ebdbb40_0 .net "I0", 0 0, L_0xe5fa27b861c8;  1 drivers
L_0xe5fa27b86210 .functor BUFT 1, C4<0>, C4<0>, C4<0>, C4<0>;
v0xc81f8ec0ba90_0 .net "I1", 0 0, L_0xe5fa27b86210;  1 drivers
L_0xe5fa27b86258 .functor BUFT 1, C4<0>, C4<0>, C4<0>, C4<0>;
v0xc81f8ec0bb50_0 .net "I2", 0 0, L_0xe5fa27b86258;  1 drivers
L_0xe5fa27b862a0 .functor BUFT 1, C4<0>, C4<0>, C4<0>, C4<0>;
v0xc81f8ec0bbf0_0 .net "I3", 0 0, L_0xe5fa27b862a0;  1 drivers
v0xc81f8ec0bcb0_0 .net "O", 0 0, L_0xc81f8ec22e60;  alias, 1 drivers
L_0xe5fa27b86180 .functor BUFT 1, C4<0000000000001110>, C4<0>, C4<0>, C4<0>;
v0xc81f8ec0bdc0_0 .net/2u *"_ivl_0", 15 0, L_0xe5fa27b86180;  1 drivers
L_0xe5fa27b86648 .functor BUFT 1, C4<0000>, C4<0>, C4<0>, C4<0>;
v0xc81f8ec0bea0_0 .net *"_ivl_2", 3 0, L_0xe5fa27b86648;  1 drivers
L_0xc81f8ec22e60 .part/v L_0xe5fa27b86180, L_0xe5fa27b86648, 1;
S_0xc81f8ec0c020 .scope module, "lut_out1" "SB_LUT4" 3 72, 4 4 0, S_0xc81f8ebd7030;
 .timescale 0 0;
    .port_info 0 /INPUT 1 "I0";
    .port_info 1 /INPUT 1 "I1";
    .port_info 2 /INPUT 1 "I2";
    .port_info 3 /INPUT 1 "I3";
    .port_info 4 /OUTPUT 1 "O";
P_0xc81f8ec0c220 .param/l "LUT_INIT" 0 4 4, C4<0000000000000100>;
L_0xe5fa27b86450 .functor BUFT 1, C4<0>, C4<0>, C4<0>, C4<0>;
v0xc81f8ec0c330_0 .net "I0", 0 0, L_0xe5fa27b86450;  1 drivers
v0xc81f8ec0c3f0_0 .net "I1", 0 0, L_0xc81f8ec232f0;  alias, 1 drivers
v0xc81f8ec0c4b0_0 .net "I2", 0 0, o0xe5fa27bcf2b8;  alias, 0 drivers
v0xc81f8ec0c550_0 .net "I3", 0 0, L_0xc81f8ec234c0;  alias, 1 drivers
v0xc81f8ec0c610_0 .net "O", 0 0, L_0xc81f8ec23730;  alias, 1 drivers
L_0xe5fa27b86408 .functor BUFT 1, C4<0000000000000100>, C4<0>, C4<0>, C4<0>;
v0xc81f8ec0c720_0 .net/2u *"_ivl_0", 15 0, L_0xe5fa27b86408;  1 drivers
v0xc81f8ec0c800_0 .net *"_ivl_2", 3 0, L_0xc81f8ec23690;  1 drivers
L_0xc81f8ec23690 .concat [ 1 1 1 1], L_0xe5fa27b86450, L_0xc81f8ec232f0, o0xe5fa27bcf2b8, L_0xc81f8ec234c0;
L_0xc81f8ec23730 .part/v L_0xe5fa27b86408, L_0xc81f8ec23690, 1;
S_0xc81f8ec0c980 .scope module, "lut_out2" "SB_LUT4" 3 108, 4 4 0, S_0xc81f8ebd7030;
 .timescale 0 0;
    .port_info 0 /INPUT 1 "I0";
    .port_info 1 /INPUT 1 "I1";
    .port_info 2 /INPUT 1 "I2";
    .port_info 3 /INPUT 1 "I3";
    .port_info 4 /OUTPUT 1 "O";
P_0xc81f8ec0cb60 .param/l "LUT_INIT" 0 4 4, C4<0000000000001111>;
v0xc81f8ec0cc70_0 .net "I0", 0 0, o0xe5fa27bcf498;  alias, 0 drivers
L_0xe5fa27b865b8 .functor BUFT 1, C4<0>, C4<0>, C4<0>, C4<0>;
v0xc81f8ec0cd30_0 .net "I1", 0 0, L_0xe5fa27b865b8;  1 drivers
v0xc81f8ec0cdf0_0 .net "I2", 0 0, L_0xc81f8ec22c80;  alias, 1 drivers
v0xc81f8ec0ce90_0 .net "I3", 0 0, L_0xc81f8ec22c80;  alias, 1 drivers
v0xc81f8ec0cf60_0 .net "O", 0 0, L_0xc81f8ec24030;  alias, 1 drivers
L_0xe5fa27b86570 .functor BUFT 1, C4<0000000000001111>, C4<0>, C4<0>, C4<0>;
v0xc81f8ec0d050_0 .net/2u *"_ivl_0", 15 0, L_0xe5fa27b86570;  1 drivers
v0xc81f8ec0d130_0 .net *"_ivl_2", 3 0, L_0xc81f8ec23f90;  1 drivers
L_0xc81f8ec23f90 .concat [ 1 1 1 1], o0xe5fa27bcf498, L_0xe5fa27b865b8, L_0xc81f8ec22c80, L_0xc81f8ec22c80;
L_0xc81f8ec24030 .part/v L_0xe5fa27b86570, L_0xc81f8ec23f90, 1;
S_0xc81f8ec0d2b0 .scope module, "lut_x0_y0" "SB_LUT4" 3 12, 4 4 0, S_0xc81f8ebd7030;
 .timescale 0 0;
    .port_info 0 /INPUT 1 "I0";
    .port_info 1 /INPUT 1 "I1";
    .port_info 2 /INPUT 1 "I2";
    .port_info 3 /INPUT 1 "I3";
    .port_info 4 /OUTPUT 1 "O";
P_0xc81f8ec0d490 .param/l "LUT_INIT" 0 4 4, C4<0000000000000100>;
v0xc81f8ec0d5c0_0 .net "I0", 0 0, L_0xc81f8ec24210;  alias, 1 drivers
v0xc81f8ec0d680_0 .net "I1", 0 0, o0xe5fa27bcf6d8;  alias, 0 drivers
v0xc81f8ec0d740_0 .net "I2", 0 0, o0xe5fa27bcf6d8;  alias, 0 drivers
v0xc81f8ec0d840_0 .net "I3", 0 0, L_0xc81f8ec242b0;  alias, 1 drivers
v0xc81f8ec0d8e0_0 .net "O", 0 0, L_0xc81f8ec22b40;  alias, 1 drivers
L_0xe5fa27b86018 .functor BUFT 1, C4<0000000000000100>, C4<0>, C4<0>, C4<0>;
v0xc81f8ec0d9d0_0 .net/2u *"_ivl_0", 15 0, L_0xe5fa27b86018;  1 drivers
v0xc81f8ec0dab0_0 .net *"_ivl_2", 3 0, L_0xc81f8ec22aa0;  1 drivers
L_0xc81f8ec22aa0 .concat [ 1 1 1 1], L_0xc81f8ec24210, o0xe5fa27bcf6d8, o0xe5fa27bcf6d8, L_0xc81f8ec242b0;
L_0xc81f8ec22b40 .part/v L_0xe5fa27b86018, L_0xc81f8ec22aa0, 1;
S_0xc81f8ec0dc30 .scope module, "lut_x0_y1" "SB_LUT4" 3 48, 4 4 0, S_0xc81f8ebd7030;
 .timescale 0 0;
    .port_info 0 /INPUT 1 "I0";
    .port_info 1 /INPUT 1 "I1";
    .port_info 2 /INPUT 1 "I2";
    .port_info 3 /INPUT 1 "I3";
    .port_info 4 /OUTPUT 1 "O";
P_0xc81f8ec0de60 .param/l "LUT_INIT" 0 4 4, C4<0000000000001101>;
v0xc81f8ec0df90_0 .net "I0", 0 0, L_0xc81f8ec24210;  alias, 1 drivers
v0xc81f8ec0e030_0 .net "I1", 0 0, L_0xc81f8ec242b0;  alias, 1 drivers
v0xc81f8ec0e100_0 .net "I2", 0 0, o0xe5fa27bcf8b8;  alias, 0 drivers
v0xc81f8ec0e1d0_0 .net "I3", 0 0, o0xe5fa27bcf8b8;  alias, 0 drivers
v0xc81f8ec0e2a0_0 .net "O", 0 0, L_0xc81f8ec232f0;  alias, 1 drivers
L_0xe5fa27b862e8 .functor BUFT 1, C4<0000000000001101>, C4<0>, C4<0>, C4<0>;
v0xc81f8ec0e390_0 .net/2u *"_ivl_0", 15 0, L_0xe5fa27b862e8;  1 drivers
v0xc81f8ec0e430_0 .net *"_ivl_2", 3 0, L_0xc81f8ec230d0;  1 drivers
L_0xc81f8ec230d0 .concat [ 1 1 1 1], L_0xc81f8ec24210, L_0xc81f8ec242b0, o0xe5fa27bcf8b8, o0xe5fa27bcf8b8;
L_0xc81f8ec232f0 .part/v L_0xe5fa27b862e8, L_0xc81f8ec230d0, 1;
S_0xc81f8ec0e5a0 .scope module, "lut_x0_y2" "SB_LUT4" 3 84, 4 4 0, S_0xc81f8ebd7030;
 .timescale 0 0;
    .port_info 0 /INPUT 1 "I0";
    .port_info 1 /INPUT 1 "I1";
    .port_info 2 /INPUT 1 "I2";
    .port_info 3 /INPUT 1 "I3";
    .port_info 4 /OUTPUT 1 "O";
P_0xc81f8ec0e780 .param/l "LUT_INIT" 0 4 4, C4<0000000000001000>;
v0xc81f8ec0e8b0_0 .net "I0", 0 0, L_0xc81f8ec24440;  alias, 1 drivers
v0xc81f8ec0e970_0 .net "I1", 0 0, L_0xc81f8ec24210;  alias, 1 drivers
v0xc81f8ec0ea80_0 .net "I2", 0 0, L_0xc81f8ec243a0;  alias, 1 drivers
v0xc81f8ec0eb20_0 .net "I3", 0 0, L_0xc81f8ec24210;  alias, 1 drivers
v0xc81f8ec0ebc0_0 .net "O", 0 0, L_0xc81f8ec23b60;  alias, 1 drivers
L_0xe5fa27b86498 .functor BUFT 1, C4<0000000000001000>, C4<0>, C4<0>, C4<0>;
v0xc81f8ec0ecb0_0 .net/2u *"_ivl_0", 15 0, L_0xe5fa27b86498;  1 drivers
v0xc81f8ec0ed90_0 .net *"_ivl_2", 3 0, L_0xc81f8ec23910;  1 drivers
L_0xc81f8ec23910 .concat [ 1 1 1 1], L_0xc81f8ec24440, L_0xc81f8ec24210, L_0xc81f8ec243a0, L_0xc81f8ec24210;
L_0xc81f8ec23b60 .part/v L_0xe5fa27b86498, L_0xc81f8ec23910, 1;
S_0xc81f8ec0ef10 .scope module, "lut_x1_y0" "SB_LUT4" 3 24, 4 4 0, S_0xc81f8ebd7030;
 .timescale 0 0;
    .port_info 0 /INPUT 1 "I0";
    .port_info 1 /INPUT 1 "I1";
    .port_info 2 /INPUT 1 "I2";
    .port_info 3 /INPUT 1 "I3";
    .port_info 4 /OUTPUT 1 "O";
P_0xc81f8ec0f0f0 .param/l "LUT_INIT" 0 4 4, C4<0000000000001111>;
L_0xe5fa27b860a8 .functor BUFT 1, C4<0>, C4<0>, C4<0>, C4<0>;
v0xc81f8ec0f220_0 .net "I0", 0 0, L_0xe5fa27b860a8;  1 drivers
L_0xe5fa27b860f0 .functor BUFT 1, C4<0>, C4<0>, C4<0>, C4<0>;
v0xc81f8ec0f2e0_0 .net "I1", 0 0, L_0xe5fa27b860f0;  1 drivers
v0xc81f8ec0f3a0_0 .net "I2", 0 0, o0xe5fa27bcf498;  alias, 0 drivers
L_0xe5fa27b86138 .functor BUFT 1, C4<0>, C4<0>, C4<0>, C4<0>;
v0xc81f8ec0f4a0_0 .net "I3", 0 0, L_0xe5fa27b86138;  1 drivers
v0xc81f8ec0f540_0 .net "O", 0 0, L_0xc81f8ec22c80;  alias, 1 drivers
L_0xe5fa27b86060 .functor BUFT 1, C4<0000000000001111>, C4<0>, C4<0>, C4<0>;
v0xc81f8ec0f680_0 .net/2u *"_ivl_0", 15 0, L_0xe5fa27b86060;  1 drivers
L_0xe5fa27b86600 .functor BUFT 1, C4<0z00>, C4<0>, C4<0>, C4<0>;
v0xc81f8ec0f740_0 .net *"_ivl_2", 3 0, L_0xe5fa27b86600;  1 drivers
L_0xc81f8ec22c80 .part/v L_0xe5fa27b86060, L_0xe5fa27b86600, 1;
S_0xc81f8ec0f8c0 .scope module, "lut_x1_y1" "SB_LUT4" 3 60, 4 4 0, S_0xc81f8ebd7030;
 .timescale 0 0;
    .port_info 0 /INPUT 1 "I0";
    .port_info 1 /INPUT 1 "I1";
    .port_info 2 /INPUT 1 "I2";
    .port_info 3 /INPUT 1 "I3";
    .port_info 4 /OUTPUT 1 "O";
P_0xc81f8ec0faa0 .param/l "LUT_INIT" 0 4 4, C4<0000000000000010>;
v0xc81f8ec0fbd0_0 .net "I0", 0 0, L_0xc81f8ec23b60;  alias, 1 drivers
v0xc81f8ec0fc70_0 .net "I1", 0 0, L_0xc81f8ec232f0;  alias, 1 drivers
L_0xe5fa27b86378 .functor BUFT 1, C4<0>, C4<0>, C4<0>, C4<0>;
v0xc81f8ec0fd60_0 .net "I2", 0 0, L_0xe5fa27b86378;  1 drivers
L_0xe5fa27b863c0 .functor BUFT 1, C4<0>, C4<0>, C4<0>, C4<0>;
v0xc81f8ec0fe00_0 .net "I3", 0 0, L_0xe5fa27b863c0;  1 drivers
v0xc81f8ec0fea0_0 .net "O", 0 0, L_0xc81f8ec234c0;  alias, 1 drivers
L_0xe5fa27b86330 .functor BUFT 1, C4<0000000000000010>, C4<0>, C4<0>, C4<0>;
v0xc81f8ec0ff90_0 .net/2u *"_ivl_0", 15 0, L_0xe5fa27b86330;  1 drivers
v0xc81f8ec10050_0 .net *"_ivl_2", 3 0, L_0xc81f8ec23390;  1 drivers
L_0xc81f8ec23390 .concat [ 1 1 1 1], L_0xc81f8ec23b60, L_0xc81f8ec232f0, L_0xe5fa27b86378, L_0xe5fa27b863c0;
L_0xc81f8ec234c0 .part/v L_0xe5fa27b86330, L_0xc81f8ec23390, 1;
S_0xc81f8ec10200 .scope module, "lut_x1_y2" "SB_LUT4" 3 96, 4 4 0, S_0xc81f8ebd7030;
 .timescale 0 0;
    .port_info 0 /INPUT 1 "I0";
    .port_info 1 /INPUT 1 "I1";
    .port_info 2 /INPUT 1 "I2";
    .port_info 3 /INPUT 1 "I3";
    .port_info 4 /OUTPUT 1 "O";
P_0xc81f8ec0de10 .param/l "LUT_INIT" 0 4 4, C4<0000000000001000>;
v0xc81f8ec10540_0 .net "I0", 0 0, L_0xc81f8ec234c0;  alias, 1 drivers
v0xc81f8ec10630_0 .net "I1", 0 0, o0xe5fa27bcf2b8;  alias, 0 drivers
v0xc81f8ec106f0_0 .net "I2", 0 0, L_0xc81f8ec232f0;  alias, 1 drivers
L_0xe5fa27b86528 .functor BUFT 1, C4<0>, C4<0>, C4<0>, C4<0>;
v0xc81f8ec107c0_0 .net "I3", 0 0, L_0xe5fa27b86528;  1 drivers
v0xc81f8ec10860_0 .net "O", 0 0, L_0xc81f8ec23e00;  alias, 1 drivers
L_0xe5fa27b864e0 .functor BUFT 1, C4<0000000000001000>, C4<0>, C4<0>, C4<0>;
v0xc81f8ec10950_0 .net/2u *"_ivl_0", 15 0, L_0xe5fa27b864e0;  1 drivers
v0xc81f8ec10a10_0 .net *"_ivl_2", 3 0, L_0xc81f8ec23c50;  1 drivers
L_0xc81f8ec23c50 .concat [ 1 1 1 1], L_0xc81f8ec234c0, o0xe5fa27bcf2b8, L_0xc81f8ec232f0, L_0xe5fa27b86528;
L_0xc81f8ec23e00 .part/v L_0xe5fa27b864e0, L_0xc81f8ec23c50, 1;
S_0xc81f8ec12210 .scope function.vec4.s1, "expected" "expected" 2 18, 2 18 0, S_0xc81f8ebda420;
 .timescale -9 -12;
; Variable expected is vec4 return value of scope S_0xc81f8ec12210
v0xc81f8ec124d0_0 .var "v", 3 0;
TD_tb.expected ;
    %load/vec4 v0xc81f8ec124d0_0;
    %parti/s 1, 0, 2;
    %load/vec4 v0xc81f8ec124d0_0;
    %parti/s 1, 1, 2;
    %xor;
    %load/vec4 v0xc81f8ec124d0_0;
    %parti/s 1, 2, 3;
    %xor;
    %load/vec4 v0xc81f8ec124d0_0;
    %parti/s 1, 3, 3;
    %xor;
    %ret/vec4 0, 0, 1;  Assign to expected (store_vec4_to_lval)
    %end;
    .scope S_0xc81f8ebda420;
T_1 ;
    %pushi/vec4 0, 0, 32;
    %store/vec4 v0xc81f8ec12880_0, 0, 32;
    %pushi/vec4 0, 0, 32;
    %store/vec4 v0xc81f8ec12940_0, 0, 32;
    %end;
    .thread T_1;
    .scope S_0xc81f8ebda420;
T_2 ;
    %vpi_call 2 25 "$dumpfile", "tb.vcd" {0 0 0};
    %vpi_call 2 26 "$dumpvars", 32'sb00000000000000000000000000000000, S_0xc81f8ebda420 {0 0 0};
    %pushi/vec4 0, 0, 32;
    %store/vec4 v0xc81f8ec125b0_0, 0, 32;
T_2.0 ;
    %load/vec4 v0xc81f8ec125b0_0;
    %cmpi/s 16, 0, 32;
    %jmp/0xz T_2.1, 5;
    %load/vec4 v0xc81f8ec125b0_0;
    %pad/s 4;
    %store/vec4 v0xc81f8ec126b0_0, 0, 4;
    %delay 5000, 0;
    %load/vec4 v0xc81f8ec12940_0;
    %addi 1, 0, 32;
    %store/vec4 v0xc81f8ec12940_0, 0, 32;
    %load/vec4 v0xc81f8ec12790_0;
    %load/vec4 v0xc81f8ec126b0_0;
    %store/vec4 v0xc81f8ec124d0_0, 0, 4;
    %callf/vec4 TD_tb.expected, S_0xc81f8ec12210;
    %cmp/e;
    %jmp/0xz  T_2.2, 6;
    %load/vec4 v0xc81f8ec12880_0;
    %addi 1, 0, 32;
    %store/vec4 v0xc81f8ec12880_0, 0, 32;
T_2.2 ;
    %delay 5000, 0;
    %load/vec4 v0xc81f8ec125b0_0;
    %addi 1, 0, 32;
    %store/vec4 v0xc81f8ec125b0_0, 0, 32;
    %jmp T_2.0;
T_2.1 ;
    %pushi/real 1073741824, 4066; load=1.00000
    %load/vec4 v0xc81f8ec12880_0;
    %cvt/rv/s;
    %mul/wr;
    %load/vec4 v0xc81f8ec12940_0;
    %cvt/rv/s;
    %div/wr;
    %vpi_call 2 38 "$display", "SCORE: %0.10f", W<0,r> {0 1 0};
    %delay 10000, 0;
    %vpi_call 2 41 "$finish" {0 0 0};
    %end;
    .thread T_2;
# The file index is used to find the file name in the following table.
:file_names 5;
    "N/A";
    "<interactive>";
    "tb.v";
    "population_99/individual_0.v";
    "ice40_stubs.v";
